<?xml version="1.0" encoding="UTF-8"?>
<!-- Generated by org.testng.reporters.JUnitReportReporter -->
<testsuite name="com.mathu.validator.XMLValidatorTest" tests="2" time="0.076" ignored="0" failures="0" timestamp="26 Oct 2017 04:25:57 GMT" skipped="0" hostname="mohanmac.lan" errors="0">
  <testcase name="testXmlValidatorInvalid" time="0.041" classname="com.mathu.validator.XMLValidatorTest"/>
  <testcase name="testXmlValidator" time="0.035" classname="com.mathu.validator.XMLValidatorTest"/>
</testsuite> <!-- com.mathu.validator.XMLValidatorTest -->
